 
****************************************
Report : area
Design : SME
Version: Q-2019.12
Date   : Wed Feb 22 23:52:26 2023
****************************************

Library(s) Used:

    slow (File: /home/t107360216/Desktop/cell_lib/CBDK_IC_Contest_v2.5/SynopsysDC/db/slow.db)

Number of ports:                           42
Number of nets:                          5303
Number of cells:                         5020
Number of combinational cells:           4695
Number of sequential cells:               322
Number of macros/black boxes:               0
Number of buf/inv:                        652
Number of references:                     112

Combinational area:              44168.045157
Buf/Inv area:                     3365.944149
Noncombinational area:           11204.537197
Macro/Black Box area:                0.000000
Net Interconnect area:          754137.102722

Total cell area:                 55372.582354
Total area:                     809509.685076
1
